57d0 start_logger              154 ---- 2022/07/26 22:21:14.823 -------------------------------------------------
57d0 start_logger              160 Host process is 'cmd.exe' (pid 22480)
57d0 start_logger              164 DLL path is 'C:\projects\node\cmder\vendor\clink'
57d0 start_logger              178 Windows version 10.0.19043 (x64)
57d0 start_logger              181 Clink version 1.2.46.69fc92 (x64)
57d0 hook_setter::hook_setter  156 >>> Started hook transaction.
57d0 hook_setter::attach_iat   313 Attempting to hook SetEnvironmentVariableW in IAT for module 00007FF7FC730000.
57d0 pe_info::iterate_imports  160 Found import in 'api-ms-win-core-processenvironment-l1-1-0.dll'
57d0 find_iat                  121 Found import at 00007FF7FC763860 (value is 00007FFFAF6AC540).
57d0 hook_setter::attach_iat   313 Attempting to hook WriteConsoleW in IAT for module 00007FF7FC730000.
57d0 pe_info::iterate_imports  160 Found import in 'api-ms-win-core-console-l1-1-0.dll'
57d0 find_iat                  121 Found import at 00007FF7FC7634F8 (value is 00007FFFAF651630).
57d0 hook_setter::attach_iat   313 Attempting to hook GetEnvironmentVariableW in IAT for module 00007FF7FC730000.
57d0 pe_info::iterate_imports  160 Found import in 'api-ms-win-core-processenvironment-l1-1-0.dll'
57d0 find_iat                  121 Found import at 00007FF7FC763880 (value is 00007FFFAF66ABD0).
57d0 hook_setter::commit       204 <<< Hook transaction committed.
57d0 hook_setter::hook_setter  156 >>> Started hook transaction.
57d0 hook_setter::detach_iat   356 Attempting to unhook 00007FFF4E97ADF0 from GetEnvironmentVariableW in IAT for module 00007FF7FC730000.
57d0 pe_info::iterate_imports  160 Found import in 'api-ms-win-core-processenvironment-l1-1-0.dll'
57d0 find_iat                  121 Found import at 00007FF7FC763880 (value is 00007FFF4E97ADF0).
57d0 hook_setter::commit       204 <<< Hook transaction committed.
57d0 hook_setter::hook_setter  156 >>> Started hook transaction.
57d0 hook_setter::attach_iat   313 Attempting to hook ReadConsoleW in IAT for module 00007FF7FC730000.
57d0 pe_info::iterate_imports  160 Found import in 'api-ms-win-core-console-l1-1-0.dll'
57d0 find_iat                  121 Found import at 00007FF7FC7634E0 (value is 00007FFFAF742CE0).
57d0 hook_setter::commit       204 <<< Hook transaction committed.
57d0 win_screen_buffer::begin  227 Using native terminal support; found 'ConEmuHk64.dll'.
57d0 history_db::initialise   1268 master bank ctag: |CTAG_1658841544_185636593_19696_0
57d0 history_db::compact      1492 History:  0 active, 0 deleted
